mode: set
github.com/dalinkstone/tent/internal/config/config.go:37.41,39.16 2 1
github.com/dalinkstone/tent/internal/config/config.go:39.16,41.3 1 0
github.com/dalinkstone/tent/internal/config/config.go:43.2,44.54 2 1
github.com/dalinkstone/tent/internal/config/config.go:44.54,46.3 1 0
github.com/dalinkstone/tent/internal/config/config.go:48.2,48.21 1 1
github.com/dalinkstone/tent/internal/config/config.go:52.30,68.2 1 1
github.com/dalinkstone/tent/internal/config/config.go:71.59,87.2 1 1
github.com/dalinkstone/tent/cmd/tent/create.go:18.33,24.55 1 1
github.com/dalinkstone/tent/cmd/tent/create.go:24.55,31.24 4 0
github.com/dalinkstone/tent/cmd/tent/create.go:31.24,34.19 2 0
github.com/dalinkstone/tent/cmd/tent/create.go:34.19,36.6 1 0
github.com/dalinkstone/tent/cmd/tent/create.go:37.10,51.5 1 0
github.com/dalinkstone/tent/cmd/tent/create.go:54.4,54.41 1 0
github.com/dalinkstone/tent/cmd/tent/create.go:54.41,56.5 1 0
github.com/dalinkstone/tent/cmd/tent/create.go:59.4,60.21 2 0
github.com/dalinkstone/tent/cmd/tent/create.go:60.21,63.5 2 0
github.com/dalinkstone/tent/cmd/tent/create.go:65.4,66.18 2 0
github.com/dalinkstone/tent/cmd/tent/create.go:66.18,68.5 1 0
github.com/dalinkstone/tent/cmd/tent/create.go:70.4,70.42 1 0
github.com/dalinkstone/tent/cmd/tent/create.go:70.42,72.5 1 0
github.com/dalinkstone/tent/cmd/tent/create.go:75.4,75.52 1 0
github.com/dalinkstone/tent/cmd/tent/create.go:75.52,77.5 1 0
github.com/dalinkstone/tent/cmd/tent/create.go:79.4,80.14 2 0
github.com/dalinkstone/tent/cmd/tent/create.go:84.2,86.12 2 1
github.com/dalinkstone/tent/cmd/tent/create.go:90.64,92.16 2 1
github.com/dalinkstone/tent/cmd/tent/create.go:92.16,94.3 1 1
github.com/dalinkstone/tent/cmd/tent/create.go:96.2,97.51 2 1
github.com/dalinkstone/tent/cmd/tent/create.go:97.51,99.3 1 0
github.com/dalinkstone/tent/cmd/tent/create.go:101.2,101.18 1 1
github.com/dalinkstone/tent/cmd/tent/destroy.go:12.34,18.55 1 1
github.com/dalinkstone/tent/cmd/tent/destroy.go:18.55,23.21 3 0
github.com/dalinkstone/tent/cmd/tent/destroy.go:23.21,26.5 2 0
github.com/dalinkstone/tent/cmd/tent/destroy.go:28.4,29.18 2 0
github.com/dalinkstone/tent/cmd/tent/destroy.go:29.18,31.5 1 0
github.com/dalinkstone/tent/cmd/tent/destroy.go:33.4,33.42 1 0
github.com/dalinkstone/tent/cmd/tent/destroy.go:33.42,35.5 1 0
github.com/dalinkstone/tent/cmd/tent/destroy.go:38.4,38.48 1 0
github.com/dalinkstone/tent/cmd/tent/destroy.go:38.48,40.5 1 0
github.com/dalinkstone/tent/cmd/tent/destroy.go:42.4,43.14 2 0
github.com/dalinkstone/tent/cmd/tent/image.go:12.32,22.2 4 1
github.com/dalinkstone/tent/cmd/tent/image.go:24.36,30.55 1 1
github.com/dalinkstone/tent/cmd/tent/image.go:30.55,33.21 2 0
github.com/dalinkstone/tent/cmd/tent/image.go:33.21,36.5 2 0
github.com/dalinkstone/tent/cmd/tent/image.go:38.4,39.18 2 0
github.com/dalinkstone/tent/cmd/tent/image.go:39.18,41.5 1 0
github.com/dalinkstone/tent/cmd/tent/image.go:44.4,45.18 2 0
github.com/dalinkstone/tent/cmd/tent/image.go:45.18,47.5 1 0
github.com/dalinkstone/tent/cmd/tent/image.go:49.4,49.24 1 0
github.com/dalinkstone/tent/cmd/tent/image.go:49.24,53.5 3 0
github.com/dalinkstone/tent/cmd/tent/image.go:55.4,57.31 3 0
github.com/dalinkstone/tent/cmd/tent/image.go:57.31,59.5 1 0
github.com/dalinkstone/tent/cmd/tent/image.go:61.4,61.14 1 0
github.com/dalinkstone/tent/cmd/tent/image.go:66.36,72.55 1 1
github.com/dalinkstone/tent/cmd/tent/image.go:72.55,75.21 3 0
github.com/dalinkstone/tent/cmd/tent/image.go:75.21,77.5 1 0
github.com/dalinkstone/tent/cmd/tent/image.go:80.4,80.17 1 0
github.com/dalinkstone/tent/cmd/tent/image.go:80.17,82.5 1 0
github.com/dalinkstone/tent/cmd/tent/image.go:84.4,88.21 3 0
github.com/dalinkstone/tent/cmd/tent/image.go:88.21,91.5 2 0
github.com/dalinkstone/tent/cmd/tent/image.go:93.4,94.18 2 0
github.com/dalinkstone/tent/cmd/tent/image.go:94.18,96.5 1 0
github.com/dalinkstone/tent/cmd/tent/image.go:99.4,100.18 2 0
github.com/dalinkstone/tent/cmd/tent/image.go:100.18,102.5 1 0
github.com/dalinkstone/tent/cmd/tent/image.go:104.4,105.14 2 0
github.com/dalinkstone/tent/cmd/tent/image.go:108.2,108.12 1 1
github.com/dalinkstone/tent/cmd/tent/list.go:12.31,18.55 1 1
github.com/dalinkstone/tent/cmd/tent/list.go:18.55,21.21 2 0
github.com/dalinkstone/tent/cmd/tent/list.go:21.21,24.5 2 0
github.com/dalinkstone/tent/cmd/tent/list.go:26.4,27.18 2 0
github.com/dalinkstone/tent/cmd/tent/list.go:27.18,29.5 1 0
github.com/dalinkstone/tent/cmd/tent/list.go:31.4,31.42 1 0
github.com/dalinkstone/tent/cmd/tent/list.go:31.42,33.5 1 0
github.com/dalinkstone/tent/cmd/tent/list.go:36.4,37.18 2 0
github.com/dalinkstone/tent/cmd/tent/list.go:37.18,39.5 1 0
github.com/dalinkstone/tent/cmd/tent/list.go:41.4,41.21 1 0
github.com/dalinkstone/tent/cmd/tent/list.go:41.21,44.5 2 0
github.com/dalinkstone/tent/cmd/tent/list.go:46.4,48.27 3 0
github.com/dalinkstone/tent/cmd/tent/list.go:48.27,51.5 1 0
github.com/dalinkstone/tent/cmd/tent/list.go:53.4,53.14 1 0
github.com/dalinkstone/tent/cmd/tent/logs.go:12.31,18.55 1 1
github.com/dalinkstone/tent/cmd/tent/logs.go:18.55,23.21 3 0
github.com/dalinkstone/tent/cmd/tent/logs.go:23.21,26.5 2 0
github.com/dalinkstone/tent/cmd/tent/logs.go:28.4,29.18 2 0
github.com/dalinkstone/tent/cmd/tent/logs.go:29.18,31.5 1 0
github.com/dalinkstone/tent/cmd/tent/logs.go:33.4,33.42 1 0
github.com/dalinkstone/tent/cmd/tent/logs.go:33.42,35.5 1 0
github.com/dalinkstone/tent/cmd/tent/logs.go:38.4,39.18 2 0
github.com/dalinkstone/tent/cmd/tent/logs.go:39.18,41.5 1 0
github.com/dalinkstone/tent/cmd/tent/logs.go:43.4,46.14 3 0
github.com/dalinkstone/tent/cmd/tent/main.go:10.13,15.48 1 0
github.com/dalinkstone/tent/cmd/tent/main.go:15.48,17.4 1 0
github.com/dalinkstone/tent/cmd/tent/main.go:20.2,32.42 12 0
github.com/dalinkstone/tent/cmd/tent/main.go:32.42,35.3 2 0
github.com/dalinkstone/tent/cmd/tent/network.go:11.34,20.2 3 1
github.com/dalinkstone/tent/cmd/tent/network.go:22.38,28.55 1 1
github.com/dalinkstone/tent/cmd/tent/network.go:28.55,31.18 2 0
github.com/dalinkstone/tent/cmd/tent/network.go:31.18,33.5 1 0
github.com/dalinkstone/tent/cmd/tent/network.go:36.4,37.18 2 0
github.com/dalinkstone/tent/cmd/tent/network.go:37.18,39.5 1 0
github.com/dalinkstone/tent/cmd/tent/network.go:41.4,41.27 1 0
github.com/dalinkstone/tent/cmd/tent/network.go:41.27,44.5 2 0
github.com/dalinkstone/tent/cmd/tent/network.go:46.4,47.34 2 0
github.com/dalinkstone/tent/cmd/tent/network.go:47.34,49.5 1 0
github.com/dalinkstone/tent/cmd/tent/network.go:51.4,51.14 1 0
github.com/dalinkstone/tent/cmd/tent/snapshot.go:12.35,23.2 5 1
github.com/dalinkstone/tent/cmd/tent/snapshot.go:25.41,31.55 1 1
github.com/dalinkstone/tent/cmd/tent/snapshot.go:31.55,36.21 3 0
github.com/dalinkstone/tent/cmd/tent/snapshot.go:36.21,39.5 2 0
github.com/dalinkstone/tent/cmd/tent/snapshot.go:41.4,42.18 2 0
github.com/dalinkstone/tent/cmd/tent/snapshot.go:42.18,44.5 1 0
github.com/dalinkstone/tent/cmd/tent/snapshot.go:46.4,46.42 1 0
github.com/dalinkstone/tent/cmd/tent/snapshot.go:46.42,48.5 1 0
github.com/dalinkstone/tent/cmd/tent/snapshot.go:51.4,52.18 2 0
github.com/dalinkstone/tent/cmd/tent/snapshot.go:52.18,54.5 1 0
github.com/dalinkstone/tent/cmd/tent/snapshot.go:56.4,59.14 3 0
github.com/dalinkstone/tent/cmd/tent/snapshot.go:64.42,70.55 1 1
github.com/dalinkstone/tent/cmd/tent/snapshot.go:70.55,75.21 3 0
github.com/dalinkstone/tent/cmd/tent/snapshot.go:75.21,78.5 2 0
github.com/dalinkstone/tent/cmd/tent/snapshot.go:80.4,81.18 2 0
github.com/dalinkstone/tent/cmd/tent/snapshot.go:81.18,83.5 1 0
github.com/dalinkstone/tent/cmd/tent/snapshot.go:85.4,85.42 1 0
github.com/dalinkstone/tent/cmd/tent/snapshot.go:85.42,87.5 1 0
github.com/dalinkstone/tent/cmd/tent/snapshot.go:90.4,90.61 1 0
github.com/dalinkstone/tent/cmd/tent/snapshot.go:90.61,92.5 1 0
github.com/dalinkstone/tent/cmd/tent/snapshot.go:94.4,96.14 2 0
github.com/dalinkstone/tent/cmd/tent/snapshot.go:101.39,107.55 1 1
github.com/dalinkstone/tent/cmd/tent/snapshot.go:107.55,112.21 3 0
github.com/dalinkstone/tent/cmd/tent/snapshot.go:112.21,115.5 2 0
github.com/dalinkstone/tent/cmd/tent/snapshot.go:117.4,118.18 2 0
github.com/dalinkstone/tent/cmd/tent/snapshot.go:118.18,120.5 1 0
github.com/dalinkstone/tent/cmd/tent/snapshot.go:122.4,122.42 1 0
github.com/dalinkstone/tent/cmd/tent/snapshot.go:122.42,124.5 1 0
github.com/dalinkstone/tent/cmd/tent/snapshot.go:127.4,128.18 2 0
github.com/dalinkstone/tent/cmd/tent/snapshot.go:128.18,130.5 1 0
github.com/dalinkstone/tent/cmd/tent/snapshot.go:132.4,132.27 1 0
github.com/dalinkstone/tent/cmd/tent/snapshot.go:132.27,135.5 2 0
github.com/dalinkstone/tent/cmd/tent/snapshot.go:137.4,139.35 3 0
github.com/dalinkstone/tent/cmd/tent/snapshot.go:139.35,141.5 1 0
github.com/dalinkstone/tent/cmd/tent/snapshot.go:143.4,143.14 1 0
github.com/dalinkstone/tent/cmd/tent/ssh.go:13.30,19.55 1 1
github.com/dalinkstone/tent/cmd/tent/ssh.go:19.55,24.21 3 0
github.com/dalinkstone/tent/cmd/tent/ssh.go:24.21,27.5 2 0
github.com/dalinkstone/tent/cmd/tent/ssh.go:29.4,30.18 2 0
github.com/dalinkstone/tent/cmd/tent/ssh.go:30.18,32.5 1 0
github.com/dalinkstone/tent/cmd/tent/ssh.go:34.4,34.42 1 0
github.com/dalinkstone/tent/cmd/tent/ssh.go:34.42,36.5 1 0
github.com/dalinkstone/tent/cmd/tent/ssh.go:39.4,40.18 2 0
github.com/dalinkstone/tent/cmd/tent/ssh.go:40.18,42.5 1 0
github.com/dalinkstone/tent/cmd/tent/ssh.go:44.4,44.35 1 0
github.com/dalinkstone/tent/cmd/tent/ssh.go:44.35,46.5 1 0
github.com/dalinkstone/tent/cmd/tent/ssh.go:48.4,48.24 1 0
github.com/dalinkstone/tent/cmd/tent/ssh.go:48.24,50.5 1 0
github.com/dalinkstone/tent/cmd/tent/ssh.go:53.4,58.39 5 0
github.com/dalinkstone/tent/cmd/tent/ssh.go:58.39,60.5 1 0
github.com/dalinkstone/tent/cmd/tent/ssh.go:62.4,62.14 1 0
github.com/dalinkstone/tent/cmd/tent/start.go:12.32,18.55 1 1
github.com/dalinkstone/tent/cmd/tent/start.go:18.55,23.21 3 0
github.com/dalinkstone/tent/cmd/tent/start.go:23.21,26.5 2 0
github.com/dalinkstone/tent/cmd/tent/start.go:28.4,29.18 2 0
github.com/dalinkstone/tent/cmd/tent/start.go:29.18,31.5 1 0
github.com/dalinkstone/tent/cmd/tent/start.go:33.4,33.42 1 0
github.com/dalinkstone/tent/cmd/tent/start.go:33.42,35.5 1 0
github.com/dalinkstone/tent/cmd/tent/start.go:38.4,38.46 1 0
github.com/dalinkstone/tent/cmd/tent/start.go:38.46,40.5 1 0
github.com/dalinkstone/tent/cmd/tent/start.go:42.4,43.14 2 0
github.com/dalinkstone/tent/cmd/tent/status.go:12.33,18.55 1 1
github.com/dalinkstone/tent/cmd/tent/status.go:18.55,23.21 3 0
github.com/dalinkstone/tent/cmd/tent/status.go:23.21,26.5 2 0
github.com/dalinkstone/tent/cmd/tent/status.go:28.4,29.18 2 0
github.com/dalinkstone/tent/cmd/tent/status.go:29.18,31.5 1 0
github.com/dalinkstone/tent/cmd/tent/status.go:33.4,33.42 1 0
github.com/dalinkstone/tent/cmd/tent/status.go:33.42,35.5 1 0
github.com/dalinkstone/tent/cmd/tent/status.go:38.4,39.18 2 0
github.com/dalinkstone/tent/cmd/tent/status.go:39.18,41.5 1 0
github.com/dalinkstone/tent/cmd/tent/status.go:43.4,53.14 10 0
github.com/dalinkstone/tent/cmd/tent/stop.go:12.31,18.55 1 1
github.com/dalinkstone/tent/cmd/tent/stop.go:18.55,23.21 3 0
github.com/dalinkstone/tent/cmd/tent/stop.go:23.21,26.5 2 0
github.com/dalinkstone/tent/cmd/tent/stop.go:28.4,29.18 2 0
github.com/dalinkstone/tent/cmd/tent/stop.go:29.18,31.5 1 0
github.com/dalinkstone/tent/cmd/tent/stop.go:33.4,33.42 1 0
github.com/dalinkstone/tent/cmd/tent/stop.go:33.42,35.5 1 0
github.com/dalinkstone/tent/cmd/tent/stop.go:38.4,38.45 1 0
github.com/dalinkstone/tent/cmd/tent/stop.go:38.45,40.5 1 0
github.com/dalinkstone/tent/cmd/tent/stop.go:42.4,43.14 2 0
github.com/dalinkstone/tent/internal/hypervisor/backend.go:57.44,58.38 1 1
github.com/dalinkstone/tent/internal/hypervisor/backend.go:58.38,61.3 2 1
github.com/dalinkstone/tent/internal/hypervisor/backend.go:67.57,71.2 1 1
github.com/dalinkstone/tent/internal/hypervisor/backend.go:81.32,83.2 1 1
github.com/dalinkstone/tent/internal/firecracker/firecracker.go:27.52,28.22 1 1
github.com/dalinkstone/tent/internal/firecracker/firecracker.go:28.22,31.3 1 1
github.com/dalinkstone/tent/internal/firecracker/firecracker.go:33.2,35.8 1 1
github.com/dalinkstone/tent/internal/firecracker/firecracker.go:39.62,41.2 1 1
github.com/dalinkstone/tent/internal/firecracker/firecracker.go:44.80,52.82 2 0
github.com/dalinkstone/tent/internal/firecracker/firecracker.go:52.82,54.4 1 0
github.com/dalinkstone/tent/internal/firecracker/firecracker.go:56.2,60.55 3 0
github.com/dalinkstone/tent/internal/firecracker/firecracker.go:60.55,62.3 1 0
github.com/dalinkstone/tent/internal/firecracker/firecracker.go:64.2,67.17 1 0
github.com/dalinkstone/tent/internal/firecracker/firecracker.go:67.17,69.3 1 0
github.com/dalinkstone/tent/internal/firecracker/firecracker.go:72.2,73.22 2 0
github.com/dalinkstone/tent/internal/firecracker/firecracker.go:73.22,75.3 1 0
github.com/dalinkstone/tent/internal/firecracker/firecracker.go:77.2,82.17 1 0
github.com/dalinkstone/tent/internal/firecracker/firecracker.go:82.17,84.3 1 0
github.com/dalinkstone/tent/internal/firecracker/firecracker.go:87.2,87.71 1 0
github.com/dalinkstone/tent/internal/firecracker/firecracker.go:87.71,89.3 1 0
github.com/dalinkstone/tent/internal/firecracker/firecracker.go:92.2,95.17 1 0
github.com/dalinkstone/tent/internal/firecracker/firecracker.go:95.17,97.3 1 0
github.com/dalinkstone/tent/internal/firecracker/firecracker.go:99.2,99.12 1 0
github.com/dalinkstone/tent/internal/firecracker/firecracker.go:102.106,109.31 2 0
github.com/dalinkstone/tent/internal/firecracker/firecracker.go:109.31,111.3 1 0
github.com/dalinkstone/tent/internal/firecracker/firecracker.go:115.2,124.103 3 0
github.com/dalinkstone/tent/internal/firecracker/firecracker.go:124.103,126.3 1 0
github.com/dalinkstone/tent/internal/firecracker/firecracker.go:129.2,129.35 1 0
github.com/dalinkstone/tent/internal/firecracker/firecracker.go:129.35,133.3 1 0
github.com/dalinkstone/tent/internal/firecracker/firecracker.go:135.2,135.12 1 0
github.com/dalinkstone/tent/internal/firecracker/firecracker.go:138.38,150.2 4 1
github.com/dalinkstone/tent/internal/firecracker/firecracker.go:153.51,159.82 2 0
github.com/dalinkstone/tent/internal/firecracker/firecracker.go:159.82,161.4 1 0
github.com/dalinkstone/tent/internal/firecracker/firecracker.go:163.2,167.4 2 0
github.com/dalinkstone/tent/internal/firecracker/firecracker.go:171.54,177.82 2 0
github.com/dalinkstone/tent/internal/firecracker/firecracker.go:177.82,179.4 1 0
github.com/dalinkstone/tent/internal/firecracker/firecracker.go:181.2,185.4 2 0
github.com/dalinkstone/tent/internal/firecracker/firecracker.go:189.119,192.82 1 0
github.com/dalinkstone/tent/internal/firecracker/firecracker.go:192.82,194.4 1 0
github.com/dalinkstone/tent/internal/firecracker/firecracker.go:197.2,204.17 3 0
github.com/dalinkstone/tent/internal/firecracker/firecracker.go:204.17,206.17 2 0
github.com/dalinkstone/tent/internal/firecracker/firecracker.go:206.17,208.4 1 0
github.com/dalinkstone/tent/internal/firecracker/firecracker.go:209.3,209.38 1 0
github.com/dalinkstone/tent/internal/firecracker/firecracker.go:213.2,215.16 3 0
github.com/dalinkstone/tent/internal/firecracker/firecracker.go:215.16,217.3 1 0
github.com/dalinkstone/tent/internal/firecracker/firecracker.go:219.2,223.16 3 0
github.com/dalinkstone/tent/internal/firecracker/firecracker.go:223.16,225.3 1 0
github.com/dalinkstone/tent/internal/firecracker/firecracker.go:226.2,229.53 2 0
github.com/dalinkstone/tent/internal/firecracker/firecracker.go:229.53,232.3 2 0
github.com/dalinkstone/tent/internal/firecracker/firecracker.go:234.2,234.12 1 0
github.com/dalinkstone/tent/internal/firecracker/firecracker.go:238.33,241.16 3 1
github.com/dalinkstone/tent/internal/firecracker/firecracker.go:241.16,243.3 1 0
github.com/dalinkstone/tent/internal/firecracker/firecracker.go:245.2,246.47 2 1
github.com/dalinkstone/tent/internal/network/network.go:19.37,25.2 1 1
github.com/dalinkstone/tent/internal/network/network.go:28.90,30.41 1 0
github.com/dalinkstone/tent/internal/network/network.go:30.41,32.3 1 0
github.com/dalinkstone/tent/internal/network/network.go:35.2,36.53 2 0
github.com/dalinkstone/tent/internal/network/network.go:36.53,38.3 1 0
github.com/dalinkstone/tent/internal/network/network.go:41.2,41.55 1 0
github.com/dalinkstone/tent/internal/network/network.go:41.55,44.3 2 0
github.com/dalinkstone/tent/internal/network/network.go:49.2,49.23 1 0
github.com/dalinkstone/tent/internal/network/network.go:53.57,57.60 2 0
github.com/dalinkstone/tent/internal/network/network.go:57.60,59.3 1 0
github.com/dalinkstone/tent/internal/network/network.go:62.2,62.53 1 0
github.com/dalinkstone/tent/internal/network/network.go:62.53,64.3 1 0
github.com/dalinkstone/tent/internal/network/network.go:66.2,66.12 1 0
github.com/dalinkstone/tent/internal/network/network.go:70.40,72.85 1 0
github.com/dalinkstone/tent/internal/network/network.go:72.85,74.3 1 0
github.com/dalinkstone/tent/internal/network/network.go:77.2,78.34 2 0
github.com/dalinkstone/tent/internal/network/network.go:78.34,80.3 1 0
github.com/dalinkstone/tent/internal/network/network.go:83.2,84.34 2 0
github.com/dalinkstone/tent/internal/network/network.go:84.34,86.3 1 0
github.com/dalinkstone/tent/internal/network/network.go:89.2,90.34 2 0
github.com/dalinkstone/tent/internal/network/network.go:90.34,92.3 1 0
github.com/dalinkstone/tent/internal/network/network.go:94.2,94.12 1 0
github.com/dalinkstone/tent/internal/network/network.go:98.57,100.80 1 0
github.com/dalinkstone/tent/internal/network/network.go:100.80,102.3 1 0
github.com/dalinkstone/tent/internal/network/network.go:106.2,107.34 2 0
github.com/dalinkstone/tent/internal/network/network.go:107.34,110.35 2 0
github.com/dalinkstone/tent/internal/network/network.go:110.35,112.4 1 0
github.com/dalinkstone/tent/internal/network/network.go:116.2,117.34 2 0
github.com/dalinkstone/tent/internal/network/network.go:117.34,119.3 1 0
github.com/dalinkstone/tent/internal/network/network.go:121.2,121.12 1 0
github.com/dalinkstone/tent/internal/network/network.go:125.58,128.2 2 0
github.com/dalinkstone/tent/internal/network/network.go:131.57,134.2 2 0
github.com/dalinkstone/tent/internal/network/network.go:137.62,140.2 2 0
github.com/dalinkstone/tent/internal/network/network.go:143.67,146.2 2 0
github.com/dalinkstone/tent/internal/network/network.go:149.70,154.16 3 1
github.com/dalinkstone/tent/internal/network/network.go:154.16,156.3 1 0
github.com/dalinkstone/tent/internal/network/network.go:159.2,160.16 2 1
github.com/dalinkstone/tent/internal/network/network.go:160.16,162.3 1 0
github.com/dalinkstone/tent/internal/network/network.go:164.2,164.23 1 1
github.com/dalinkstone/tent/internal/network/network.go:168.61,172.16 3 1
github.com/dalinkstone/tent/internal/network/network.go:172.16,174.3 1 1
github.com/dalinkstone/tent/internal/network/network.go:177.2,179.29 3 0
github.com/dalinkstone/tent/internal/network/network.go:179.29,180.78 1 0
github.com/dalinkstone/tent/internal/network/network.go:180.78,182.23 2 0
github.com/dalinkstone/tent/internal/network/network.go:182.23,184.5 1 0
github.com/dalinkstone/tent/internal/network/network.go:185.4,185.9 1 0
github.com/dalinkstone/tent/internal/network/network.go:189.2,194.8 1 0
github.com/dalinkstone/tent/internal/network/network.go:198.64,201.16 3 1
github.com/dalinkstone/tent/internal/network/network.go:201.16,203.3 1 1
github.com/dalinkstone/tent/internal/network/network.go:205.2,207.29 3 0
github.com/dalinkstone/tent/internal/network/network.go:207.29,208.34 1 0
github.com/dalinkstone/tent/internal/network/network.go:208.34,210.23 2 0
github.com/dalinkstone/tent/internal/network/network.go:210.23,218.5 2 0
github.com/dalinkstone/tent/internal/network/network.go:222.2,222.21 1 0
github.com/dalinkstone/tent/internal/hypervisor/kvm/kvm_linux.go:40.51,42.47 1 0
github.com/dalinkstone/tent/internal/hypervisor/kvm/kvm_linux.go:42.47,44.3 1 0
github.com/dalinkstone/tent/internal/hypervisor/kvm/kvm_linux.go:47.2,48.16 2 0
github.com/dalinkstone/tent/internal/hypervisor/kvm/kvm_linux.go:48.16,50.3 1 0
github.com/dalinkstone/tent/internal/hypervisor/kvm/kvm_linux.go:51.2,56.8 2 0
github.com/dalinkstone/tent/internal/hypervisor/kvm/kvm_linux.go:60.76,73.2 3 1
github.com/dalinkstone/tent/internal/hypervisor/kvm/kvm_linux.go:76.54,81.2 1 0
github.com/dalinkstone/tent/internal/hypervisor/kvm/kvm_linux.go:84.53,86.9 2 0
github.com/dalinkstone/tent/internal/hypervisor/kvm/kvm_linux.go:86.9,88.3 1 0
github.com/dalinkstone/tent/internal/hypervisor/kvm/kvm_linux.go:91.2,91.19 1 0
github.com/dalinkstone/tent/internal/hypervisor/kvm/kvm_linux.go:91.19,93.3 1 0
github.com/dalinkstone/tent/internal/hypervisor/kvm/kvm_linux.go:96.2,98.12 2 0
github.com/dalinkstone/tent/internal/hypervisor/kvm/kvm_linux.go:102.28,103.15 1 1
github.com/dalinkstone/tent/internal/hypervisor/kvm/kvm_linux.go:103.15,105.3 1 0
github.com/dalinkstone/tent/internal/hypervisor/kvm/kvm_linux.go:108.2,118.55 4 1
github.com/dalinkstone/tent/internal/hypervisor/kvm/kvm_linux.go:118.55,120.3 1 0
github.com/dalinkstone/tent/internal/hypervisor/kvm/kvm_linux.go:124.2,125.55 2 1
github.com/dalinkstone/tent/internal/hypervisor/kvm/kvm_linux.go:125.55,128.3 1 1
github.com/dalinkstone/tent/internal/hypervisor/kvm/kvm_linux.go:131.2,141.16 4 1
github.com/dalinkstone/tent/internal/hypervisor/kvm/kvm_linux.go:141.16,143.3 1 1
github.com/dalinkstone/tent/internal/hypervisor/kvm/kvm_linux.go:145.2,149.12 3 0
github.com/dalinkstone/tent/internal/hypervisor/kvm/kvm_linux.go:149.12,150.39 1 0
github.com/dalinkstone/tent/internal/hypervisor/kvm/kvm_linux.go:150.39,153.4 1 0
github.com/dalinkstone/tent/internal/hypervisor/kvm/kvm_linux.go:156.2,157.12 2 0
github.com/dalinkstone/tent/internal/hypervisor/kvm/kvm_linux.go:161.27,162.16 1 1
github.com/dalinkstone/tent/internal/hypervisor/kvm/kvm_linux.go:162.16,164.3 1 1
github.com/dalinkstone/tent/internal/hypervisor/kvm/kvm_linux.go:167.2,167.21 1 0
github.com/dalinkstone/tent/internal/hypervisor/kvm/kvm_linux.go:167.21,169.3 1 0
github.com/dalinkstone/tent/internal/hypervisor/kvm/kvm_linux.go:172.2,173.12 2 0
github.com/dalinkstone/tent/internal/hypervisor/kvm/kvm_linux.go:177.27,178.16 1 0
github.com/dalinkstone/tent/internal/hypervisor/kvm/kvm_linux.go:178.16,180.3 1 0
github.com/dalinkstone/tent/internal/hypervisor/kvm/kvm_linux.go:183.2,183.21 1 0
github.com/dalinkstone/tent/internal/hypervisor/kvm/kvm_linux.go:183.21,185.3 1 0
github.com/dalinkstone/tent/internal/hypervisor/kvm/kvm_linux.go:187.2,188.12 2 0
github.com/dalinkstone/tent/internal/hypervisor/kvm/kvm_linux.go:192.48,193.15 1 1
github.com/dalinkstone/tent/internal/hypervisor/kvm/kvm_linux.go:193.15,195.3 1 1
github.com/dalinkstone/tent/internal/hypervisor/kvm/kvm_linux.go:196.2,196.36 1 1
github.com/dalinkstone/tent/internal/hypervisor/kvm/kvm_linux.go:200.43,202.2 1 1
github.com/dalinkstone/tent/internal/hypervisor/kvm/kvm_linux.go:205.29,207.2 1 0
github.com/dalinkstone/tent/internal/hypervisor/kvm/kvm_linux.go:210.31,212.2 1 0
github.com/dalinkstone/tent/internal/hypervisor/kvm/kvm_linux.go:215.27,218.2 1 0
github.com/dalinkstone/tent/internal/hypervisor/kvm/kvm_linux.go:221.30,223.34 1 0
github.com/dalinkstone/tent/internal/hypervisor/kvm/kvm_linux.go:223.34,225.3 1 0
github.com/dalinkstone/tent/internal/hypervisor/kvm/kvm_linux.go:227.2,232.12 5 0
github.com/dalinkstone/tent/internal/state/state.go:21.61,22.19 1 1
github.com/dalinkstone/tent/internal/state/state.go:22.19,24.3 1 0
github.com/dalinkstone/tent/internal/state/state.go:27.2,27.23 1 1
github.com/dalinkstone/tent/internal/state/state.go:27.23,29.17 2 0
github.com/dalinkstone/tent/internal/state/state.go:29.17,31.4 1 0
github.com/dalinkstone/tent/internal/state/state.go:32.3,32.45 1 0
github.com/dalinkstone/tent/internal/state/state.go:36.2,36.51 1 1
github.com/dalinkstone/tent/internal/state/state.go:36.51,38.3 1 0
github.com/dalinkstone/tent/internal/state/state.go:40.2,46.34 2 1
github.com/dalinkstone/tent/internal/state/state.go:46.34,48.3 1 0
github.com/dalinkstone/tent/internal/state/state.go:50.2,50.16 1 1
github.com/dalinkstone/tent/internal/state/state.go:53.38,55.16 2 1
github.com/dalinkstone/tent/internal/state/state.go:55.16,56.25 1 1
github.com/dalinkstone/tent/internal/state/state.go:56.25,58.4 1 1
github.com/dalinkstone/tent/internal/state/state.go:59.3,59.13 1 0
github.com/dalinkstone/tent/internal/state/state.go:62.2,67.54 2 0
github.com/dalinkstone/tent/internal/state/state.go:67.54,69.3 1 0
github.com/dalinkstone/tent/internal/state/state.go:71.2,71.23 1 0
github.com/dalinkstone/tent/internal/state/state.go:71.23,73.3 1 0
github.com/dalinkstone/tent/internal/state/state.go:74.2,74.26 1 0
github.com/dalinkstone/tent/internal/state/state.go:74.26,76.3 1 0
github.com/dalinkstone/tent/internal/state/state.go:78.2,78.12 1 0
github.com/dalinkstone/tent/internal/state/state.go:81.38,90.16 2 1
github.com/dalinkstone/tent/internal/state/state.go:90.16,92.3 1 0
github.com/dalinkstone/tent/internal/state/state.go:94.2,94.42 1 1
github.com/dalinkstone/tent/internal/state/state.go:98.59,106.2 5 1
github.com/dalinkstone/tent/internal/state/state.go:109.69,114.9 4 1
github.com/dalinkstone/tent/internal/state/state.go:114.9,116.3 1 1
github.com/dalinkstone/tent/internal/state/state.go:118.2,118.16 1 1
github.com/dalinkstone/tent/internal/state/state.go:122.62,127.30 4 1
github.com/dalinkstone/tent/internal/state/state.go:127.30,129.3 1 1
github.com/dalinkstone/tent/internal/state/state.go:131.2,131.17 1 1
github.com/dalinkstone/tent/internal/state/state.go:135.53,139.34 3 1
github.com/dalinkstone/tent/internal/state/state.go:139.34,141.3 1 0
github.com/dalinkstone/tent/internal/state/state.go:143.2,144.18 2 1
github.com/dalinkstone/tent/internal/state/state.go:148.91,153.9 4 1
github.com/dalinkstone/tent/internal/state/state.go:153.9,155.3 1 0
github.com/dalinkstone/tent/internal/state/state.go:157.2,157.37 1 1
github.com/dalinkstone/tent/internal/state/state.go:157.37,159.3 1 0
github.com/dalinkstone/tent/internal/state/state.go:161.2,162.18 2 1
github.com/dalinkstone/tent/internal/state/state.go:166.65,173.2 4 0
github.com/dalinkstone/tent/internal/state/state.go:176.74,181.9 4 0
github.com/dalinkstone/tent/internal/state/state.go:181.9,183.3 1 0
github.com/dalinkstone/tent/internal/state/state.go:185.2,185.17 1 0
github.com/dalinkstone/tent/internal/state/state.go:189.67,194.32 4 0
github.com/dalinkstone/tent/internal/state/state.go:194.32,196.3 1 0
github.com/dalinkstone/tent/internal/state/state.go:198.2,198.20 1 0
github.com/dalinkstone/tent/internal/state/state.go:201.37,205.2 1 1
github.com/dalinkstone/tent/internal/vm/vm.go:66.156,67.25 1 1
github.com/dalinkstone/tent/internal/vm/vm.go:67.25,69.17 2 1
github.com/dalinkstone/tent/internal/vm/vm.go:69.17,71.4 1 0
github.com/dalinkstone/tent/internal/vm/vm.go:72.3,72.20 1 1
github.com/dalinkstone/tent/internal/vm/vm.go:75.2,75.15 1 1
github.com/dalinkstone/tent/internal/vm/vm.go:75.15,77.58 1 0
github.com/dalinkstone/tent/internal/vm/vm.go:77.58,79.4 1 0
github.com/dalinkstone/tent/internal/vm/vm.go:79.9,81.4 1 0
github.com/dalinkstone/tent/internal/vm/vm.go:84.2,84.23 1 1
github.com/dalinkstone/tent/internal/vm/vm.go:84.23,86.17 2 0
github.com/dalinkstone/tent/internal/vm/vm.go:86.17,88.4 1 0
github.com/dalinkstone/tent/internal/vm/vm.go:89.3,89.18 1 0
github.com/dalinkstone/tent/internal/vm/vm.go:92.2,92.23 1 1
github.com/dalinkstone/tent/internal/vm/vm.go:92.23,94.17 2 0
github.com/dalinkstone/tent/internal/vm/vm.go:94.17,96.4 1 0
github.com/dalinkstone/tent/internal/vm/vm.go:97.3,97.18 1 0
github.com/dalinkstone/tent/internal/vm/vm.go:100.2,108.8 1 1
github.com/dalinkstone/tent/internal/vm/vm.go:112.35,114.2 1 1
github.com/dalinkstone/tent/internal/vm/vm.go:117.72,119.42 1 1
github.com/dalinkstone/tent/internal/vm/vm.go:119.42,121.3 1 1
github.com/dalinkstone/tent/internal/vm/vm.go:124.2,124.54 1 1
github.com/dalinkstone/tent/internal/vm/vm.go:124.54,126.3 1 1
github.com/dalinkstone/tent/internal/vm/vm.go:129.2,130.16 2 1
github.com/dalinkstone/tent/internal/vm/vm.go:130.16,132.3 1 1
github.com/dalinkstone/tent/internal/vm/vm.go:135.2,136.16 2 1
github.com/dalinkstone/tent/internal/vm/vm.go:136.16,138.3 1 1
github.com/dalinkstone/tent/internal/vm/vm.go:141.2,151.56 2 1
github.com/dalinkstone/tent/internal/vm/vm.go:151.56,153.3 1 1
github.com/dalinkstone/tent/internal/vm/vm.go:155.2,155.12 1 1
github.com/dalinkstone/tent/internal/vm/vm.go:159.46,161.16 2 1
github.com/dalinkstone/tent/internal/vm/vm.go:161.16,163.3 1 1
github.com/dalinkstone/tent/internal/vm/vm.go:165.2,165.46 1 1
github.com/dalinkstone/tent/internal/vm/vm.go:165.46,167.3 1 1
github.com/dalinkstone/tent/internal/vm/vm.go:170.2,171.16 2 1
github.com/dalinkstone/tent/internal/vm/vm.go:171.16,173.3 1 0
github.com/dalinkstone/tent/internal/vm/vm.go:176.2,177.16 2 1
github.com/dalinkstone/tent/internal/vm/vm.go:177.16,179.3 1 1
github.com/dalinkstone/tent/internal/vm/vm.go:182.2,182.35 1 1
github.com/dalinkstone/tent/internal/vm/vm.go:182.35,184.3 1 0
github.com/dalinkstone/tent/internal/vm/vm.go:187.2,194.72 5 1
github.com/dalinkstone/tent/internal/vm/vm.go:194.72,199.3 4 1
github.com/dalinkstone/tent/internal/vm/vm.go:199.17,203.3 3 0
github.com/dalinkstone/tent/internal/vm/vm.go:205.2,205.12 1 1
github.com/dalinkstone/tent/internal/vm/vm.go:209.45,211.16 2 1
github.com/dalinkstone/tent/internal/vm/vm.go:211.16,213.3 1 1
github.com/dalinkstone/tent/internal/vm/vm.go:215.2,215.46 1 1
github.com/dalinkstone/tent/internal/vm/vm.go:215.46,217.3 1 1
github.com/dalinkstone/tent/internal/vm/vm.go:220.2,221.9 2 1
github.com/dalinkstone/tent/internal/vm/vm.go:221.9,223.3 1 1
github.com/dalinkstone/tent/internal/vm/vm.go:226.2,226.34 1 1
github.com/dalinkstone/tent/internal/vm/vm.go:226.34,228.3 1 1
github.com/dalinkstone/tent/internal/vm/vm.go:231.2,231.29 1 1
github.com/dalinkstone/tent/internal/vm/vm.go:231.29,232.61 1 0
github.com/dalinkstone/tent/internal/vm/vm.go:232.61,234.4 1 0
github.com/dalinkstone/tent/internal/vm/vm.go:238.2,245.72 5 1
github.com/dalinkstone/tent/internal/vm/vm.go:245.72,250.3 4 1
github.com/dalinkstone/tent/internal/vm/vm.go:250.17,252.3 1 0
github.com/dalinkstone/tent/internal/vm/vm.go:254.2,254.12 1 1
github.com/dalinkstone/tent/internal/vm/vm.go:258.48,260.16 2 1
github.com/dalinkstone/tent/internal/vm/vm.go:260.16,262.3 1 1
github.com/dalinkstone/tent/internal/vm/vm.go:265.2,265.46 1 1
github.com/dalinkstone/tent/internal/vm/vm.go:265.46,266.38 1 1
github.com/dalinkstone/tent/internal/vm/vm.go:266.38,268.4 1 1
github.com/dalinkstone/tent/internal/vm/vm.go:272.2,272.29 1 1
github.com/dalinkstone/tent/internal/vm/vm.go:272.29,273.61 1 0
github.com/dalinkstone/tent/internal/vm/vm.go:273.61,275.4 1 0
github.com/dalinkstone/tent/internal/vm/vm.go:279.2,279.60 1 1
github.com/dalinkstone/tent/internal/vm/vm.go:279.60,281.3 1 1
github.com/dalinkstone/tent/internal/vm/vm.go:284.2,284.54 1 1
github.com/dalinkstone/tent/internal/vm/vm.go:284.54,286.3 1 0
github.com/dalinkstone/tent/internal/vm/vm.go:288.2,288.12 1 1
github.com/dalinkstone/tent/internal/vm/vm.go:292.66,294.16 2 1
github.com/dalinkstone/tent/internal/vm/vm.go:294.16,296.3 1 1
github.com/dalinkstone/tent/internal/vm/vm.go:299.2,299.46 1 1
github.com/dalinkstone/tent/internal/vm/vm.go:299.46,301.9 2 1
github.com/dalinkstone/tent/internal/vm/vm.go:301.9,303.40 2 1
github.com/dalinkstone/tent/internal/vm/vm.go:303.40,308.69 5 1
github.com/dalinkstone/tent/internal/vm/vm.go:308.69,313.6 4 1
github.com/dalinkstone/tent/internal/vm/vm.go:314.10,316.5 1 0
github.com/dalinkstone/tent/internal/vm/vm.go:320.2,320.21 1 1
github.com/dalinkstone/tent/internal/vm/vm.go:324.55,326.2 1 1
github.com/dalinkstone/tent/internal/vm/vm.go:329.55,331.16 2 1
github.com/dalinkstone/tent/internal/vm/vm.go:331.16,333.3 1 1
github.com/dalinkstone/tent/internal/vm/vm.go:337.2,338.51 2 1
github.com/dalinkstone/tent/internal/vm/vm.go:338.51,340.3 1 0
github.com/dalinkstone/tent/internal/vm/vm.go:342.2,342.62 1 1
github.com/dalinkstone/tent/internal/vm/vm.go:346.77,349.16 2 1
github.com/dalinkstone/tent/internal/vm/vm.go:349.16,351.3 1 1
github.com/dalinkstone/tent/internal/vm/vm.go:353.2,353.47 1 1
github.com/dalinkstone/tent/internal/vm/vm.go:357.68,360.16 2 1
github.com/dalinkstone/tent/internal/vm/vm.go:360.16,362.3 1 1
github.com/dalinkstone/tent/internal/vm/vm.go:364.2,364.48 1 1
github.com/dalinkstone/tent/internal/vm/vm.go:368.76,371.16 2 1
github.com/dalinkstone/tent/internal/vm/vm.go:371.16,373.3 1 1
github.com/dalinkstone/tent/internal/vm/vm.go:375.2,376.16 2 1
github.com/dalinkstone/tent/internal/vm/vm.go:376.16,378.3 1 0
github.com/dalinkstone/tent/internal/vm/vm.go:381.2,382.33 2 1
github.com/dalinkstone/tent/internal/vm/vm.go:382.33,388.3 1 1
github.com/dalinkstone/tent/internal/vm/vm.go:390.2,390.20 1 1
github.com/dalinkstone/tent/internal/vm/vm.go:394.92,397.54 2 1
github.com/dalinkstone/tent/internal/vm/vm.go:397.54,399.55 2 1
github.com/dalinkstone/tent/internal/vm/vm.go:399.55,401.4 1 1
github.com/dalinkstone/tent/internal/vm/vm.go:405.2,409.8 1 1
github.com/dalinkstone/tent/pkg/models/errors.go:9.38,11.2 1 1
github.com/dalinkstone/tent/pkg/models/errors.go:18.42,19.24 1 1
github.com/dalinkstone/tent/pkg/models/errors.go:19.24,21.3 1 1
github.com/dalinkstone/tent/pkg/models/errors.go:22.2,22.28 1 1
github.com/dalinkstone/tent/pkg/models/errors.go:26.59,28.2 1 1
github.com/dalinkstone/tent/pkg/models/errors.go:31.44,33.2 1 1
github.com/dalinkstone/tent/pkg/models/types.go:14.35,16.2 1 1
github.com/dalinkstone/tent/pkg/models/types.go:88.44,89.16 1 1
github.com/dalinkstone/tent/pkg/models/types.go:89.16,93.3 1 1
github.com/dalinkstone/tent/pkg/models/types.go:95.2,97.20 2 1
github.com/dalinkstone/tent/pkg/models/types.go:97.20,99.3 1 1
github.com/dalinkstone/tent/pkg/models/types.go:101.2,101.20 1 1
github.com/dalinkstone/tent/pkg/models/types.go:101.20,103.3 1 1
github.com/dalinkstone/tent/pkg/models/types.go:105.2,105.23 1 1
github.com/dalinkstone/tent/pkg/models/types.go:105.23,107.3 1 1
github.com/dalinkstone/tent/pkg/models/types.go:109.2,109.21 1 1
github.com/dalinkstone/tent/pkg/models/types.go:109.21,111.3 1 1
github.com/dalinkstone/tent/pkg/models/types.go:113.2,113.21 1 1
github.com/dalinkstone/tent/pkg/models/types.go:113.21,115.3 1 1
github.com/dalinkstone/tent/pkg/models/types.go:117.2,117.12 1 1
github.com/dalinkstone/tent/pkg/models/types.go:121.39,123.2 1 1
github.com/dalinkstone/tent/internal/storage/storage.go:19.51,20.19 1 1
github.com/dalinkstone/tent/internal/storage/storage.go:20.19,22.3 1 0
github.com/dalinkstone/tent/internal/storage/storage.go:24.2,26.8 1 1
github.com/dalinkstone/tent/internal/storage/storage.go:30.39,32.2 1 0
github.com/dalinkstone/tent/internal/storage/storage.go:35.88,38.53 2 1
github.com/dalinkstone/tent/internal/storage/storage.go:38.53,40.3 1 0
github.com/dalinkstone/tent/internal/storage/storage.go:43.2,44.56 2 1
github.com/dalinkstone/tent/internal/storage/storage.go:44.56,46.3 1 0
github.com/dalinkstone/tent/internal/storage/storage.go:49.2,50.71 2 1
github.com/dalinkstone/tent/internal/storage/storage.go:50.71,52.3 1 0
github.com/dalinkstone/tent/internal/storage/storage.go:55.2,56.54 2 1
github.com/dalinkstone/tent/internal/storage/storage.go:56.54,58.3 1 0
github.com/dalinkstone/tent/internal/storage/storage.go:61.2,61.62 1 1
github.com/dalinkstone/tent/internal/storage/storage.go:61.62,63.3 1 1
github.com/dalinkstone/tent/internal/storage/storage.go:66.2,66.59 1 0
github.com/dalinkstone/tent/internal/storage/storage.go:66.59,69.3 2 0
github.com/dalinkstone/tent/internal/storage/storage.go:72.2,72.51 1 0
github.com/dalinkstone/tent/internal/storage/storage.go:72.51,74.3 1 0
github.com/dalinkstone/tent/internal/storage/storage.go:76.2,76.24 1 0
github.com/dalinkstone/tent/internal/storage/storage.go:80.57,84.54 2 1
github.com/dalinkstone/tent/internal/storage/storage.go:84.54,86.3 1 0
github.com/dalinkstone/tent/internal/storage/storage.go:89.2,90.29 2 1
github.com/dalinkstone/tent/internal/storage/storage.go:90.29,91.52 1 0
github.com/dalinkstone/tent/internal/storage/storage.go:91.52,93.4 1 0
github.com/dalinkstone/tent/internal/storage/storage.go:97.2,97.32 1 1
github.com/dalinkstone/tent/internal/storage/storage.go:101.68,104.34 2 1
github.com/dalinkstone/tent/internal/storage/storage.go:104.34,106.3 1 0
github.com/dalinkstone/tent/internal/storage/storage.go:109.2,110.34 2 1
github.com/dalinkstone/tent/internal/storage/storage.go:110.34,112.3 1 0
github.com/dalinkstone/tent/internal/storage/storage.go:114.2,114.12 1 1
github.com/dalinkstone/tent/internal/storage/storage.go:118.67,120.34 2 1
github.com/dalinkstone/tent/internal/storage/storage.go:120.34,123.35 2 1
github.com/dalinkstone/tent/internal/storage/storage.go:123.35,125.4 1 1
github.com/dalinkstone/tent/internal/storage/storage.go:127.2,127.12 1 0
github.com/dalinkstone/tent/internal/storage/storage.go:131.57,133.34 2 0
github.com/dalinkstone/tent/internal/storage/storage.go:133.34,136.35 2 0
github.com/dalinkstone/tent/internal/storage/storage.go:136.35,138.4 1 0
github.com/dalinkstone/tent/internal/storage/storage.go:140.2,140.12 1 0
github.com/dalinkstone/tent/internal/storage/storage.go:144.53,147.2 2 1
github.com/dalinkstone/tent/internal/storage/storage.go:150.65,157.27 2 0
github.com/dalinkstone/tent/internal/storage/storage.go:157.27,159.49 2 0
github.com/dalinkstone/tent/internal/storage/storage.go:159.49,161.4 1 0
github.com/dalinkstone/tent/internal/storage/storage.go:165.2,165.56 1 0
github.com/dalinkstone/tent/internal/storage/storage.go:165.56,167.3 1 0
github.com/dalinkstone/tent/internal/storage/storage.go:169.2,169.12 1 0
github.com/dalinkstone/tent/internal/storage/storage.go:173.62,178.110 2 0
github.com/dalinkstone/tent/internal/storage/storage.go:178.110,180.3 1 0
github.com/dalinkstone/tent/internal/storage/storage.go:183.2,186.108 2 0
github.com/dalinkstone/tent/internal/storage/storage.go:186.108,188.3 1 0
github.com/dalinkstone/tent/internal/storage/storage.go:191.2,194.108 2 0
github.com/dalinkstone/tent/internal/storage/storage.go:194.108,196.3 1 0
github.com/dalinkstone/tent/internal/storage/storage.go:199.2,202.108 2 0
github.com/dalinkstone/tent/internal/storage/storage.go:202.108,204.3 1 0
github.com/dalinkstone/tent/internal/storage/storage.go:206.2,206.12 1 0
github.com/dalinkstone/tent/internal/storage/storage.go:210.77,212.55 2 1
github.com/dalinkstone/tent/internal/storage/storage.go:212.55,214.3 1 0
github.com/dalinkstone/tent/internal/storage/storage.go:217.2,218.55 2 1
github.com/dalinkstone/tent/internal/storage/storage.go:218.55,220.3 1 0
github.com/dalinkstone/tent/internal/storage/storage.go:223.2,227.34 3 1
github.com/dalinkstone/tent/internal/storage/storage.go:227.34,229.3 1 0
github.com/dalinkstone/tent/internal/storage/storage.go:231.2,231.26 1 1
github.com/dalinkstone/tent/internal/storage/storage.go:235.68,237.57 2 1
github.com/dalinkstone/tent/internal/storage/storage.go:237.57,239.3 1 0
github.com/dalinkstone/tent/internal/storage/storage.go:241.2,245.34 3 1
github.com/dalinkstone/tent/internal/storage/storage.go:245.34,247.3 1 0
github.com/dalinkstone/tent/internal/storage/storage.go:249.2,249.12 1 1
github.com/dalinkstone/tent/internal/storage/storage.go:253.73,255.56 2 1
github.com/dalinkstone/tent/internal/storage/storage.go:255.56,257.3 1 0
github.com/dalinkstone/tent/internal/storage/storage.go:259.2,262.16 3 1
github.com/dalinkstone/tent/internal/storage/storage.go:262.16,264.3 1 0
github.com/dalinkstone/tent/internal/storage/storage.go:266.2,266.32 1 1
github.com/dalinkstone/tent/internal/storage/storage.go:266.32,267.64 1 1
github.com/dalinkstone/tent/internal/storage/storage.go:267.64,269.18 2 1
github.com/dalinkstone/tent/internal/storage/storage.go:269.18,275.5 1 1
github.com/dalinkstone/tent/internal/storage/storage.go:279.2,279.23 1 1
github.com/dalinkstone/tent/internal/storage/storage.go:290.70,293.56 2 1
github.com/dalinkstone/tent/internal/storage/storage.go:293.56,295.3 1 0
github.com/dalinkstone/tent/internal/storage/storage.go:298.2,301.55 2 1
github.com/dalinkstone/tent/internal/storage/storage.go:301.55,303.3 1 1
github.com/dalinkstone/tent/internal/storage/storage.go:305.2,305.23 1 1
github.com/dalinkstone/tent/internal/storage/storage.go:309.67,312.34 2 1
github.com/dalinkstone/tent/internal/storage/storage.go:312.34,315.35 2 1
github.com/dalinkstone/tent/internal/storage/storage.go:315.35,317.4 1 1
github.com/dalinkstone/tent/internal/storage/storage.go:319.2,319.12 1 1
github.com/dalinkstone/tent/internal/storage/storage.go:323.54,325.54 2 1
github.com/dalinkstone/tent/internal/storage/storage.go:325.54,327.3 1 1
github.com/dalinkstone/tent/internal/storage/storage.go:329.2,332.16 3 1
github.com/dalinkstone/tent/internal/storage/storage.go:332.16,334.3 1 0
github.com/dalinkstone/tent/internal/storage/storage.go:336.2,336.32 1 1
github.com/dalinkstone/tent/internal/storage/storage.go:336.32,337.64 1 1
github.com/dalinkstone/tent/internal/storage/storage.go:337.64,339.18 2 1
github.com/dalinkstone/tent/internal/storage/storage.go:339.18,345.5 1 1
github.com/dalinkstone/tent/internal/storage/storage.go:349.2,349.20 1 1
